<?xml version="1.0" encoding="UTF-8"?>
<testsuite xmlns:xsi="http://www.w3.org/2001/XMLSchema-instance" xsi:noNamespaceSchemaLocation="https://maven.apache.org/surefire/maven-surefire-plugin/xsd/surefire-test-report.xsd" name="cn.dingdm.website.WebsiteApplicationTests" time="16.16" tests="1" errors="0" skipped="0" failures="0">
  <properties>
    <property name="sun.desktop" value="gnome"/>
    <property name="awt.toolkit" value="sun.awt.X11.XToolkit"/>
    <property name="file.encoding.pkg" value="sun.io"/>
    <property name="java.specification.version" value="1.8"/>
    <property name="sun.cpu.isalist" value=""/>
    <property name="sun.jnu.encoding" value="UTF-8"/>
    <property name="java.class.path" value="/opt/springboot/website/target/test-classes:/opt/springboot/website/target/classes:/home/dinggc/.m2/repository/org/springframework/boot/spring-boot-starter-jdbc/2.0.5.RELEASE/spring-boot-starter-jdbc-2.0.5.RELEASE.jar:/home/dinggc/.m2/repository/org/springframework/boot/spring-boot-starter/2.0.5.RELEASE/spring-boot-starter-2.0.5.RELEASE.jar:/home/dinggc/.m2/repository/org/springframework/boot/spring-boot/2.0.5.RELEASE/spring-boot-2.0.5.RELEASE.jar:/home/dinggc/.m2/repository/org/springframework/boot/spring-boot-autoconfigure/2.0.5.RELEASE/spring-boot-autoconfigure-2.0.5.RELEASE.jar:/home/dinggc/.m2/repository/org/springframework/boot/spring-boot-starter-logging/2.0.5.RELEASE/spring-boot-starter-logging-2.0.5.RELEASE.jar:/home/dinggc/.m2/repository/ch/qos/logback/logback-classic/1.2.3/logback-classic-1.2.3.jar:/home/dinggc/.m2/repository/ch/qos/logback/logback-core/1.2.3/logback-core-1.2.3.jar:/home/dinggc/.m2/repository/org/apache/logging/log4j/log4j-to-slf4j/2.10.0/log4j-to-slf4j-2.10.0.jar:/home/dinggc/.m2/repository/org/apache/logging/log4j/log4j-api/2.10.0/log4j-api-2.10.0.jar:/home/dinggc/.m2/repository/org/slf4j/jul-to-slf4j/1.7.25/jul-to-slf4j-1.7.25.jar:/home/dinggc/.m2/repository/javax/annotation/javax.annotation-api/1.3.2/javax.annotation-api-1.3.2.jar:/home/dinggc/.m2/repository/org/yaml/snakeyaml/1.19/snakeyaml-1.19.jar:/home/dinggc/.m2/repository/com/zaxxer/HikariCP/2.7.9/HikariCP-2.7.9.jar:/home/dinggc/.m2/repository/org/springframework/spring-jdbc/5.0.9.RELEASE/spring-jdbc-5.0.9.RELEASE.jar:/home/dinggc/.m2/repository/org/springframework/spring-beans/5.0.9.RELEASE/spring-beans-5.0.9.RELEASE.jar:/home/dinggc/.m2/repository/org/springframework/spring-tx/5.0.9.RELEASE/spring-tx-5.0.9.RELEASE.jar:/home/dinggc/.m2/repository/com/google/guava/guava/14.0.1/guava-14.0.1.jar:/home/dinggc/.m2/repository/commons-net/commons-net/3.5/commons-net-3.5.jar:/home/dinggc/.m2/repository/net/sf/json-lib/json-lib/2.4/json-lib-2.4-jdk15.jar:/home/dinggc/.m2/repository/commons-beanutils/commons-beanutils/1.8.0/commons-beanutils-1.8.0.jar:/home/dinggc/.m2/repository/commons-collections/commons-collections/3.2.1/commons-collections-3.2.1.jar:/home/dinggc/.m2/repository/commons-lang/commons-lang/2.5/commons-lang-2.5.jar:/home/dinggc/.m2/repository/commons-logging/commons-logging/1.1.1/commons-logging-1.1.1.jar:/home/dinggc/.m2/repository/net/sf/ezmorph/ezmorph/1.0.6/ezmorph-1.0.6.jar:/home/dinggc/.m2/repository/org/springframework/boot/spring-boot-starter-mail/2.0.5.RELEASE/spring-boot-starter-mail-2.0.5.RELEASE.jar:/home/dinggc/.m2/repository/org/springframework/spring-context/5.0.9.RELEASE/spring-context-5.0.9.RELEASE.jar:/home/dinggc/.m2/repository/org/springframework/spring-expression/5.0.9.RELEASE/spring-expression-5.0.9.RELEASE.jar:/home/dinggc/.m2/repository/org/springframework/spring-context-support/5.0.9.RELEASE/spring-context-support-5.0.9.RELEASE.jar:/home/dinggc/.m2/repository/com/sun/mail/javax.mail/1.6.2/javax.mail-1.6.2.jar:/home/dinggc/.m2/repository/javax/activation/activation/1.1/activation-1.1.jar:/home/dinggc/.m2/repository/org/json/json/20090211/json-20090211.jar:/home/dinggc/.m2/repository/org/apache/shiro/shiro-spring/1.3.2/shiro-spring-1.3.2.jar:/home/dinggc/.m2/repository/org/apache/shiro/shiro-web/1.3.2/shiro-web-1.3.2.jar:/home/dinggc/.m2/repository/org/springframework/boot/spring-boot-starter-aop/2.0.5.RELEASE/spring-boot-starter-aop-2.0.5.RELEASE.jar:/home/dinggc/.m2/repository/org/springframework/spring-aop/5.0.9.RELEASE/spring-aop-5.0.9.RELEASE.jar:/home/dinggc/.m2/repository/org/aspectj/aspectjweaver/1.8.13/aspectjweaver-1.8.13.jar:/home/dinggc/.m2/repository/org/springframework/boot/spring-boot-starter-web/2.0.5.RELEASE/spring-boot-starter-web-2.0.5.RELEASE.jar:/home/dinggc/.m2/repository/org/springframework/boot/spring-boot-starter-json/2.0.5.RELEASE/spring-boot-starter-json-2.0.5.RELEASE.jar:/home/dinggc/.m2/repository/com/fasterxml/jackson/core/jackson-databind/2.9.6/jackson-databind-2.9.6.jar:/home/dinggc/.m2/repository/com/fasterxml/jackson/core/jackson-annotations/2.9.0/jackson-annotations-2.9.0.jar:/home/dinggc/.m2/repository/com/fasterxml/jackson/core/jackson-core/2.9.6/jackson-core-2.9.6.jar:/home/dinggc/.m2/repository/com/fasterxml/jackson/datatype/jackson-datatype-jdk8/2.9.6/jackson-datatype-jdk8-2.9.6.jar:/home/dinggc/.m2/repository/com/fasterxml/jackson/datatype/jackson-datatype-jsr310/2.9.6/jackson-datatype-jsr310-2.9.6.jar:/home/dinggc/.m2/repository/com/fasterxml/jackson/module/jackson-module-parameter-names/2.9.6/jackson-module-parameter-names-2.9.6.jar:/home/dinggc/.m2/repository/org/springframework/boot/spring-boot-starter-tomcat/2.0.5.RELEASE/spring-boot-starter-tomcat-2.0.5.RELEASE.jar:/home/dinggc/.m2/repository/org/apache/tomcat/embed/tomcat-embed-core/8.5.34/tomcat-embed-core-8.5.34.jar:/home/dinggc/.m2/repository/org/apache/tomcat/embed/tomcat-embed-el/8.5.34/tomcat-embed-el-8.5.34.jar:/home/dinggc/.m2/repository/org/apache/tomcat/embed/tomcat-embed-websocket/8.5.34/tomcat-embed-websocket-8.5.34.jar:/home/dinggc/.m2/repository/org/hibernate/validator/hibernate-validator/6.0.12.Final/hibernate-validator-6.0.12.Final.jar:/home/dinggc/.m2/repository/javax/validation/validation-api/2.0.1.Final/validation-api-2.0.1.Final.jar:/home/dinggc/.m2/repository/org/jboss/logging/jboss-logging/3.3.2.Final/jboss-logging-3.3.2.Final.jar:/home/dinggc/.m2/repository/com/fasterxml/classmate/1.3.4/classmate-1.3.4.jar:/home/dinggc/.m2/repository/org/springframework/spring-web/5.0.9.RELEASE/spring-web-5.0.9.RELEASE.jar:/home/dinggc/.m2/repository/org/springframework/spring-webmvc/5.0.9.RELEASE/spring-webmvc-5.0.9.RELEASE.jar:/home/dinggc/.m2/repository/org/mybatis/spring/boot/mybatis-spring-boot-starter/1.3.2/mybatis-spring-boot-starter-1.3.2.jar:/home/dinggc/.m2/repository/org/mybatis/spring/boot/mybatis-spring-boot-autoconfigure/1.3.2/mybatis-spring-boot-autoconfigure-1.3.2.jar:/home/dinggc/.m2/repository/org/mybatis/mybatis/3.4.6/mybatis-3.4.6.jar:/home/dinggc/.m2/repository/org/mybatis/mybatis-spring/1.3.2/mybatis-spring-1.3.2.jar:/home/dinggc/.m2/repository/org/apache/shiro/shiro-core/1.3.2/shiro-core-1.3.2.jar:/home/dinggc/.m2/repository/org/slf4j/slf4j-api/1.7.25/slf4j-api-1.7.25.jar:/home/dinggc/.m2/repository/org/springframework/boot/spring-boot-starter-thymeleaf/2.0.5.RELEASE/spring-boot-starter-thymeleaf-2.0.5.RELEASE.jar:/home/dinggc/.m2/repository/org/thymeleaf/thymeleaf-spring5/3.0.9.RELEASE/thymeleaf-spring5-3.0.9.RELEASE.jar:/home/dinggc/.m2/repository/org/thymeleaf/thymeleaf/3.0.9.RELEASE/thymeleaf-3.0.9.RELEASE.jar:/home/dinggc/.m2/repository/org/attoparser/attoparser/2.0.4.RELEASE/attoparser-2.0.4.RELEASE.jar:/home/dinggc/.m2/repository/org/unbescape/unbescape/1.1.5.RELEASE/unbescape-1.1.5.RELEASE.jar:/home/dinggc/.m2/repository/org/thymeleaf/extras/thymeleaf-extras-java8time/3.0.1.RELEASE/thymeleaf-extras-java8time-3.0.1.RELEASE.jar:/home/dinggc/.m2/repository/com/github/theborakompanioni/thymeleaf-extras-shiro/2.0.0/thymeleaf-extras-shiro-2.0.0.jar:/home/dinggc/.m2/repository/org/springframework/boot/spring-boot-starter-data-redis/2.0.5.RELEASE/spring-boot-starter-data-redis-2.0.5.RELEASE.jar:/home/dinggc/.m2/repository/org/springframework/data/spring-data-redis/2.0.10.RELEASE/spring-data-redis-2.0.10.RELEASE.jar:/home/dinggc/.m2/repository/org/springframework/data/spring-data-keyvalue/2.0.10.RELEASE/spring-data-keyvalue-2.0.10.RELEASE.jar:/home/dinggc/.m2/repository/org/springframework/data/spring-data-commons/2.0.10.RELEASE/spring-data-commons-2.0.10.RELEASE.jar:/home/dinggc/.m2/repository/org/springframework/spring-oxm/5.0.9.RELEASE/spring-oxm-5.0.9.RELEASE.jar:/home/dinggc/.m2/repository/io/lettuce/lettuce-core/5.0.5.RELEASE/lettuce-core-5.0.5.RELEASE.jar:/home/dinggc/.m2/repository/io/projectreactor/reactor-core/3.1.9.RELEASE/reactor-core-3.1.9.RELEASE.jar:/home/dinggc/.m2/repository/org/reactivestreams/reactive-streams/1.0.2/reactive-streams-1.0.2.jar:/home/dinggc/.m2/repository/io/netty/netty-common/4.1.29.Final/netty-common-4.1.29.Final.jar:/home/dinggc/.m2/repository/io/netty/netty-transport/4.1.29.Final/netty-transport-4.1.29.Final.jar:/home/dinggc/.m2/repository/io/netty/netty-buffer/4.1.29.Final/netty-buffer-4.1.29.Final.jar:/home/dinggc/.m2/repository/io/netty/netty-resolver/4.1.29.Final/netty-resolver-4.1.29.Final.jar:/home/dinggc/.m2/repository/io/netty/netty-handler/4.1.29.Final/netty-handler-4.1.29.Final.jar:/home/dinggc/.m2/repository/io/netty/netty-codec/4.1.29.Final/netty-codec-4.1.29.Final.jar:/home/dinggc/.m2/repository/org/springframework/boot/spring-boot-starter-amqp/2.0.5.RELEASE/spring-boot-starter-amqp-2.0.5.RELEASE.jar:/home/dinggc/.m2/repository/org/springframework/spring-messaging/5.0.9.RELEASE/spring-messaging-5.0.9.RELEASE.jar:/home/dinggc/.m2/repository/org/springframework/amqp/spring-rabbit/2.0.6.RELEASE/spring-rabbit-2.0.6.RELEASE.jar:/home/dinggc/.m2/repository/org/springframework/amqp/spring-amqp/2.0.6.RELEASE/spring-amqp-2.0.6.RELEASE.jar:/home/dinggc/.m2/repository/org/springframework/retry/spring-retry/1.2.2.RELEASE/spring-retry-1.2.2.RELEASE.jar:/home/dinggc/.m2/repository/com/rabbitmq/amqp-client/5.4.1/amqp-client-5.4.1.jar:/home/dinggc/.m2/repository/com/alibaba/druid/1.0.20/druid-1.0.20.jar:/opt/java8/jdk1.8.0_191/jre/../lib/jconsole.jar:/opt/java8/jdk1.8.0_191/jre/../lib/tools.jar:/home/dinggc/.m2/repository/mysql/mysql-connector-java/5.1.47/mysql-connector-java-5.1.47.jar:/home/dinggc/.m2/repository/commons-fileupload/commons-fileupload/1.4/commons-fileupload-1.4.jar:/home/dinggc/.m2/repository/commons-io/commons-io/20030203.000550/commons-io-20030203.000550.jar:/home/dinggc/.m2/repository/org/springframework/boot/spring-boot-starter-test/2.0.5.RELEASE/spring-boot-starter-test-2.0.5.RELEASE.jar:/home/dinggc/.m2/repository/org/springframework/boot/spring-boot-test/2.0.5.RELEASE/spring-boot-test-2.0.5.RELEASE.jar:/home/dinggc/.m2/repository/org/springframework/boot/spring-boot-test-autoconfigure/2.0.5.RELEASE/spring-boot-test-autoconfigure-2.0.5.RELEASE.jar:/home/dinggc/.m2/repository/com/jayway/jsonpath/json-path/2.4.0/json-path-2.4.0.jar:/home/dinggc/.m2/repository/net/minidev/json-smart/2.3/json-smart-2.3.jar:/home/dinggc/.m2/repository/net/minidev/accessors-smart/1.2/accessors-smart-1.2.jar:/home/dinggc/.m2/repository/org/ow2/asm/asm/5.0.4/asm-5.0.4.jar:/home/dinggc/.m2/repository/junit/junit/4.12/junit-4.12.jar:/home/dinggc/.m2/repository/org/assertj/assertj-core/3.9.1/assertj-core-3.9.1.jar:/home/dinggc/.m2/repository/org/mockito/mockito-core/2.15.0/mockito-core-2.15.0.jar:/home/dinggc/.m2/repository/net/bytebuddy/byte-buddy/1.7.11/byte-buddy-1.7.11.jar:/home/dinggc/.m2/repository/net/bytebuddy/byte-buddy-agent/1.7.11/byte-buddy-agent-1.7.11.jar:/home/dinggc/.m2/repository/org/objenesis/objenesis/2.6/objenesis-2.6.jar:/home/dinggc/.m2/repository/org/hamcrest/hamcrest-core/1.3/hamcrest-core-1.3.jar:/home/dinggc/.m2/repository/org/hamcrest/hamcrest-library/1.3/hamcrest-library-1.3.jar:/home/dinggc/.m2/repository/org/skyscreamer/jsonassert/1.5.0/jsonassert-1.5.0.jar:/home/dinggc/.m2/repository/com/vaadin/external/google/android-json/0.0.20131108.vaadin1/android-json-0.0.20131108.vaadin1.jar:/home/dinggc/.m2/repository/org/springframework/spring-core/5.0.9.RELEASE/spring-core-5.0.9.RELEASE.jar:/home/dinggc/.m2/repository/org/springframework/spring-jcl/5.0.9.RELEASE/spring-jcl-5.0.9.RELEASE.jar:/home/dinggc/.m2/repository/org/springframework/spring-test/5.0.9.RELEASE/spring-test-5.0.9.RELEASE.jar:/home/dinggc/.m2/repository/org/xmlunit/xmlunit-core/2.5.1/xmlunit-core-2.5.1.jar:/home/dinggc/.m2/repository/org/activiti/activiti-spring-boot-starter-basic/5.22.0/activiti-spring-boot-starter-basic-5.22.0.jar:/home/dinggc/.m2/repository/org/activiti/activiti-engine/5.22.0/activiti-engine-5.22.0.jar:/home/dinggc/.m2/repository/org/activiti/activiti-bpmn-converter/5.22.0/activiti-bpmn-converter-5.22.0.jar:/home/dinggc/.m2/repository/org/activiti/activiti-bpmn-model/5.22.0/activiti-bpmn-model-5.22.0.jar:/home/dinggc/.m2/repository/org/activiti/activiti-process-validation/5.22.0/activiti-process-validation-5.22.0.jar:/home/dinggc/.m2/repository/org/activiti/activiti-image-generator/5.22.0/activiti-image-generator-5.22.0.jar:/home/dinggc/.m2/repository/org/apache/commons/commons-email/1.4/commons-email-1.4.jar:/home/dinggc/.m2/repository/org/apache/commons/commons-lang3/3.7/commons-lang3-3.7.jar:/home/dinggc/.m2/repository/joda-time/joda-time/2.9.9/joda-time-2.9.9.jar:/home/dinggc/.m2/repository/org/slf4j/jcl-over-slf4j/1.7.25/jcl-over-slf4j-1.7.25.jar:/home/dinggc/.m2/repository/org/activiti/activiti-spring/5.22.0/activiti-spring-5.22.0.jar:/home/dinggc/.m2/repository/org/springframework/spring-orm/5.0.9.RELEASE/spring-orm-5.0.9.RELEASE.jar:/home/dinggc/.m2/repository/commons-dbcp/commons-dbcp/1.4/commons-dbcp-1.4.jar:/home/dinggc/.m2/repository/commons-pool/commons-pool/1.6/commons-pool-1.6.jar:"/>
    <property name="java.vm.vendor" value="Oracle Corporation"/>
    <property name="sun.arch.data.model" value="64"/>
    <property name="java.vendor.url" value="http://java.oracle.com/"/>
    <property name="user.timezone" value=""/>
    <property name="java.vm.specification.version" value="1.8"/>
    <property name="os.name" value="Linux"/>
    <property name="user.country" value="CN"/>
    <property name="sun.java.launcher" value="SUN_STANDARD"/>
    <property name="sun.boot.library.path" value="/opt/java8/jdk1.8.0_191/jre/lib/amd64"/>
    <property name="sun.java.command" value="/opt/springboot/website/target/surefire/surefirebooter1213336854078534619.jar /opt/springboot/website/target/surefire 2019-01-11T10-56-36_144-jvmRun1 surefire6691462703811461386tmp surefire_06060083653029968080tmp"/>
    <property name="surefire.test.class.path" value="/opt/springboot/website/target/test-classes:/opt/springboot/website/target/classes:/home/dinggc/.m2/repository/org/springframework/boot/spring-boot-starter-jdbc/2.0.5.RELEASE/spring-boot-starter-jdbc-2.0.5.RELEASE.jar:/home/dinggc/.m2/repository/org/springframework/boot/spring-boot-starter/2.0.5.RELEASE/spring-boot-starter-2.0.5.RELEASE.jar:/home/dinggc/.m2/repository/org/springframework/boot/spring-boot/2.0.5.RELEASE/spring-boot-2.0.5.RELEASE.jar:/home/dinggc/.m2/repository/org/springframework/boot/spring-boot-autoconfigure/2.0.5.RELEASE/spring-boot-autoconfigure-2.0.5.RELEASE.jar:/home/dinggc/.m2/repository/org/springframework/boot/spring-boot-starter-logging/2.0.5.RELEASE/spring-boot-starter-logging-2.0.5.RELEASE.jar:/home/dinggc/.m2/repository/ch/qos/logback/logback-classic/1.2.3/logback-classic-1.2.3.jar:/home/dinggc/.m2/repository/ch/qos/logback/logback-core/1.2.3/logback-core-1.2.3.jar:/home/dinggc/.m2/repository/org/apache/logging/log4j/log4j-to-slf4j/2.10.0/log4j-to-slf4j-2.10.0.jar:/home/dinggc/.m2/repository/org/apache/logging/log4j/log4j-api/2.10.0/log4j-api-2.10.0.jar:/home/dinggc/.m2/repository/org/slf4j/jul-to-slf4j/1.7.25/jul-to-slf4j-1.7.25.jar:/home/dinggc/.m2/repository/javax/annotation/javax.annotation-api/1.3.2/javax.annotation-api-1.3.2.jar:/home/dinggc/.m2/repository/org/yaml/snakeyaml/1.19/snakeyaml-1.19.jar:/home/dinggc/.m2/repository/com/zaxxer/HikariCP/2.7.9/HikariCP-2.7.9.jar:/home/dinggc/.m2/repository/org/springframework/spring-jdbc/5.0.9.RELEASE/spring-jdbc-5.0.9.RELEASE.jar:/home/dinggc/.m2/repository/org/springframework/spring-beans/5.0.9.RELEASE/spring-beans-5.0.9.RELEASE.jar:/home/dinggc/.m2/repository/org/springframework/spring-tx/5.0.9.RELEASE/spring-tx-5.0.9.RELEASE.jar:/home/dinggc/.m2/repository/com/google/guava/guava/14.0.1/guava-14.0.1.jar:/home/dinggc/.m2/repository/commons-net/commons-net/3.5/commons-net-3.5.jar:/home/dinggc/.m2/repository/net/sf/json-lib/json-lib/2.4/json-lib-2.4-jdk15.jar:/home/dinggc/.m2/repository/commons-beanutils/commons-beanutils/1.8.0/commons-beanutils-1.8.0.jar:/home/dinggc/.m2/repository/commons-collections/commons-collections/3.2.1/commons-collections-3.2.1.jar:/home/dinggc/.m2/repository/commons-lang/commons-lang/2.5/commons-lang-2.5.jar:/home/dinggc/.m2/repository/commons-logging/commons-logging/1.1.1/commons-logging-1.1.1.jar:/home/dinggc/.m2/repository/net/sf/ezmorph/ezmorph/1.0.6/ezmorph-1.0.6.jar:/home/dinggc/.m2/repository/org/springframework/boot/spring-boot-starter-mail/2.0.5.RELEASE/spring-boot-starter-mail-2.0.5.RELEASE.jar:/home/dinggc/.m2/repository/org/springframework/spring-context/5.0.9.RELEASE/spring-context-5.0.9.RELEASE.jar:/home/dinggc/.m2/repository/org/springframework/spring-expression/5.0.9.RELEASE/spring-expression-5.0.9.RELEASE.jar:/home/dinggc/.m2/repository/org/springframework/spring-context-support/5.0.9.RELEASE/spring-context-support-5.0.9.RELEASE.jar:/home/dinggc/.m2/repository/com/sun/mail/javax.mail/1.6.2/javax.mail-1.6.2.jar:/home/dinggc/.m2/repository/javax/activation/activation/1.1/activation-1.1.jar:/home/dinggc/.m2/repository/org/json/json/20090211/json-20090211.jar:/home/dinggc/.m2/repository/org/apache/shiro/shiro-spring/1.3.2/shiro-spring-1.3.2.jar:/home/dinggc/.m2/repository/org/apache/shiro/shiro-web/1.3.2/shiro-web-1.3.2.jar:/home/dinggc/.m2/repository/org/springframework/boot/spring-boot-starter-aop/2.0.5.RELEASE/spring-boot-starter-aop-2.0.5.RELEASE.jar:/home/dinggc/.m2/repository/org/springframework/spring-aop/5.0.9.RELEASE/spring-aop-5.0.9.RELEASE.jar:/home/dinggc/.m2/repository/org/aspectj/aspectjweaver/1.8.13/aspectjweaver-1.8.13.jar:/home/dinggc/.m2/repository/org/springframework/boot/spring-boot-starter-web/2.0.5.RELEASE/spring-boot-starter-web-2.0.5.RELEASE.jar:/home/dinggc/.m2/repository/org/springframework/boot/spring-boot-starter-json/2.0.5.RELEASE/spring-boot-starter-json-2.0.5.RELEASE.jar:/home/dinggc/.m2/repository/com/fasterxml/jackson/core/jackson-databind/2.9.6/jackson-databind-2.9.6.jar:/home/dinggc/.m2/repository/com/fasterxml/jackson/core/jackson-annotations/2.9.0/jackson-annotations-2.9.0.jar:/home/dinggc/.m2/repository/com/fasterxml/jackson/core/jackson-core/2.9.6/jackson-core-2.9.6.jar:/home/dinggc/.m2/repository/com/fasterxml/jackson/datatype/jackson-datatype-jdk8/2.9.6/jackson-datatype-jdk8-2.9.6.jar:/home/dinggc/.m2/repository/com/fasterxml/jackson/datatype/jackson-datatype-jsr310/2.9.6/jackson-datatype-jsr310-2.9.6.jar:/home/dinggc/.m2/repository/com/fasterxml/jackson/module/jackson-module-parameter-names/2.9.6/jackson-module-parameter-names-2.9.6.jar:/home/dinggc/.m2/repository/org/springframework/boot/spring-boot-starter-tomcat/2.0.5.RELEASE/spring-boot-starter-tomcat-2.0.5.RELEASE.jar:/home/dinggc/.m2/repository/org/apache/tomcat/embed/tomcat-embed-core/8.5.34/tomcat-embed-core-8.5.34.jar:/home/dinggc/.m2/repository/org/apache/tomcat/embed/tomcat-embed-el/8.5.34/tomcat-embed-el-8.5.34.jar:/home/dinggc/.m2/repository/org/apache/tomcat/embed/tomcat-embed-websocket/8.5.34/tomcat-embed-websocket-8.5.34.jar:/home/dinggc/.m2/repository/org/hibernate/validator/hibernate-validator/6.0.12.Final/hibernate-validator-6.0.12.Final.jar:/home/dinggc/.m2/repository/javax/validation/validation-api/2.0.1.Final/validation-api-2.0.1.Final.jar:/home/dinggc/.m2/repository/org/jboss/logging/jboss-logging/3.3.2.Final/jboss-logging-3.3.2.Final.jar:/home/dinggc/.m2/repository/com/fasterxml/classmate/1.3.4/classmate-1.3.4.jar:/home/dinggc/.m2/repository/org/springframework/spring-web/5.0.9.RELEASE/spring-web-5.0.9.RELEASE.jar:/home/dinggc/.m2/repository/org/springframework/spring-webmvc/5.0.9.RELEASE/spring-webmvc-5.0.9.RELEASE.jar:/home/dinggc/.m2/repository/org/mybatis/spring/boot/mybatis-spring-boot-starter/1.3.2/mybatis-spring-boot-starter-1.3.2.jar:/home/dinggc/.m2/repository/org/mybatis/spring/boot/mybatis-spring-boot-autoconfigure/1.3.2/mybatis-spring-boot-autoconfigure-1.3.2.jar:/home/dinggc/.m2/repository/org/mybatis/mybatis/3.4.6/mybatis-3.4.6.jar:/home/dinggc/.m2/repository/org/mybatis/mybatis-spring/1.3.2/mybatis-spring-1.3.2.jar:/home/dinggc/.m2/repository/org/apache/shiro/shiro-core/1.3.2/shiro-core-1.3.2.jar:/home/dinggc/.m2/repository/org/slf4j/slf4j-api/1.7.25/slf4j-api-1.7.25.jar:/home/dinggc/.m2/repository/org/springframework/boot/spring-boot-starter-thymeleaf/2.0.5.RELEASE/spring-boot-starter-thymeleaf-2.0.5.RELEASE.jar:/home/dinggc/.m2/repository/org/thymeleaf/thymeleaf-spring5/3.0.9.RELEASE/thymeleaf-spring5-3.0.9.RELEASE.jar:/home/dinggc/.m2/repository/org/thymeleaf/thymeleaf/3.0.9.RELEASE/thymeleaf-3.0.9.RELEASE.jar:/home/dinggc/.m2/repository/org/attoparser/attoparser/2.0.4.RELEASE/attoparser-2.0.4.RELEASE.jar:/home/dinggc/.m2/repository/org/unbescape/unbescape/1.1.5.RELEASE/unbescape-1.1.5.RELEASE.jar:/home/dinggc/.m2/repository/org/thymeleaf/extras/thymeleaf-extras-java8time/3.0.1.RELEASE/thymeleaf-extras-java8time-3.0.1.RELEASE.jar:/home/dinggc/.m2/repository/com/github/theborakompanioni/thymeleaf-extras-shiro/2.0.0/thymeleaf-extras-shiro-2.0.0.jar:/home/dinggc/.m2/repository/org/springframework/boot/spring-boot-starter-data-redis/2.0.5.RELEASE/spring-boot-starter-data-redis-2.0.5.RELEASE.jar:/home/dinggc/.m2/repository/org/springframework/data/spring-data-redis/2.0.10.RELEASE/spring-data-redis-2.0.10.RELEASE.jar:/home/dinggc/.m2/repository/org/springframework/data/spring-data-keyvalue/2.0.10.RELEASE/spring-data-keyvalue-2.0.10.RELEASE.jar:/home/dinggc/.m2/repository/org/springframework/data/spring-data-commons/2.0.10.RELEASE/spring-data-commons-2.0.10.RELEASE.jar:/home/dinggc/.m2/repository/org/springframework/spring-oxm/5.0.9.RELEASE/spring-oxm-5.0.9.RELEASE.jar:/home/dinggc/.m2/repository/io/lettuce/lettuce-core/5.0.5.RELEASE/lettuce-core-5.0.5.RELEASE.jar:/home/dinggc/.m2/repository/io/projectreactor/reactor-core/3.1.9.RELEASE/reactor-core-3.1.9.RELEASE.jar:/home/dinggc/.m2/repository/org/reactivestreams/reactive-streams/1.0.2/reactive-streams-1.0.2.jar:/home/dinggc/.m2/repository/io/netty/netty-common/4.1.29.Final/netty-common-4.1.29.Final.jar:/home/dinggc/.m2/repository/io/netty/netty-transport/4.1.29.Final/netty-transport-4.1.29.Final.jar:/home/dinggc/.m2/repository/io/netty/netty-buffer/4.1.29.Final/netty-buffer-4.1.29.Final.jar:/home/dinggc/.m2/repository/io/netty/netty-resolver/4.1.29.Final/netty-resolver-4.1.29.Final.jar:/home/dinggc/.m2/repository/io/netty/netty-handler/4.1.29.Final/netty-handler-4.1.29.Final.jar:/home/dinggc/.m2/repository/io/netty/netty-codec/4.1.29.Final/netty-codec-4.1.29.Final.jar:/home/dinggc/.m2/repository/org/springframework/boot/spring-boot-starter-amqp/2.0.5.RELEASE/spring-boot-starter-amqp-2.0.5.RELEASE.jar:/home/dinggc/.m2/repository/org/springframework/spring-messaging/5.0.9.RELEASE/spring-messaging-5.0.9.RELEASE.jar:/home/dinggc/.m2/repository/org/springframework/amqp/spring-rabbit/2.0.6.RELEASE/spring-rabbit-2.0.6.RELEASE.jar:/home/dinggc/.m2/repository/org/springframework/amqp/spring-amqp/2.0.6.RELEASE/spring-amqp-2.0.6.RELEASE.jar:/home/dinggc/.m2/repository/org/springframework/retry/spring-retry/1.2.2.RELEASE/spring-retry-1.2.2.RELEASE.jar:/home/dinggc/.m2/repository/com/rabbitmq/amqp-client/5.4.1/amqp-client-5.4.1.jar:/home/dinggc/.m2/repository/com/alibaba/druid/1.0.20/druid-1.0.20.jar:/opt/java8/jdk1.8.0_191/jre/../lib/jconsole.jar:/opt/java8/jdk1.8.0_191/jre/../lib/tools.jar:/home/dinggc/.m2/repository/mysql/mysql-connector-java/5.1.47/mysql-connector-java-5.1.47.jar:/home/dinggc/.m2/repository/commons-fileupload/commons-fileupload/1.4/commons-fileupload-1.4.jar:/home/dinggc/.m2/repository/commons-io/commons-io/20030203.000550/commons-io-20030203.000550.jar:/home/dinggc/.m2/repository/org/springframework/boot/spring-boot-starter-test/2.0.5.RELEASE/spring-boot-starter-test-2.0.5.RELEASE.jar:/home/dinggc/.m2/repository/org/springframework/boot/spring-boot-test/2.0.5.RELEASE/spring-boot-test-2.0.5.RELEASE.jar:/home/dinggc/.m2/repository/org/springframework/boot/spring-boot-test-autoconfigure/2.0.5.RELEASE/spring-boot-test-autoconfigure-2.0.5.RELEASE.jar:/home/dinggc/.m2/repository/com/jayway/jsonpath/json-path/2.4.0/json-path-2.4.0.jar:/home/dinggc/.m2/repository/net/minidev/json-smart/2.3/json-smart-2.3.jar:/home/dinggc/.m2/repository/net/minidev/accessors-smart/1.2/accessors-smart-1.2.jar:/home/dinggc/.m2/repository/org/ow2/asm/asm/5.0.4/asm-5.0.4.jar:/home/dinggc/.m2/repository/junit/junit/4.12/junit-4.12.jar:/home/dinggc/.m2/repository/org/assertj/assertj-core/3.9.1/assertj-core-3.9.1.jar:/home/dinggc/.m2/repository/org/mockito/mockito-core/2.15.0/mockito-core-2.15.0.jar:/home/dinggc/.m2/repository/net/bytebuddy/byte-buddy/1.7.11/byte-buddy-1.7.11.jar:/home/dinggc/.m2/repository/net/bytebuddy/byte-buddy-agent/1.7.11/byte-buddy-agent-1.7.11.jar:/home/dinggc/.m2/repository/org/objenesis/objenesis/2.6/objenesis-2.6.jar:/home/dinggc/.m2/repository/org/hamcrest/hamcrest-core/1.3/hamcrest-core-1.3.jar:/home/dinggc/.m2/repository/org/hamcrest/hamcrest-library/1.3/hamcrest-library-1.3.jar:/home/dinggc/.m2/repository/org/skyscreamer/jsonassert/1.5.0/jsonassert-1.5.0.jar:/home/dinggc/.m2/repository/com/vaadin/external/google/android-json/0.0.20131108.vaadin1/android-json-0.0.20131108.vaadin1.jar:/home/dinggc/.m2/repository/org/springframework/spring-core/5.0.9.RELEASE/spring-core-5.0.9.RELEASE.jar:/home/dinggc/.m2/repository/org/springframework/spring-jcl/5.0.9.RELEASE/spring-jcl-5.0.9.RELEASE.jar:/home/dinggc/.m2/repository/org/springframework/spring-test/5.0.9.RELEASE/spring-test-5.0.9.RELEASE.jar:/home/dinggc/.m2/repository/org/xmlunit/xmlunit-core/2.5.1/xmlunit-core-2.5.1.jar:/home/dinggc/.m2/repository/org/activiti/activiti-spring-boot-starter-basic/5.22.0/activiti-spring-boot-starter-basic-5.22.0.jar:/home/dinggc/.m2/repository/org/activiti/activiti-engine/5.22.0/activiti-engine-5.22.0.jar:/home/dinggc/.m2/repository/org/activiti/activiti-bpmn-converter/5.22.0/activiti-bpmn-converter-5.22.0.jar:/home/dinggc/.m2/repository/org/activiti/activiti-bpmn-model/5.22.0/activiti-bpmn-model-5.22.0.jar:/home/dinggc/.m2/repository/org/activiti/activiti-process-validation/5.22.0/activiti-process-validation-5.22.0.jar:/home/dinggc/.m2/repository/org/activiti/activiti-image-generator/5.22.0/activiti-image-generator-5.22.0.jar:/home/dinggc/.m2/repository/org/apache/commons/commons-email/1.4/commons-email-1.4.jar:/home/dinggc/.m2/repository/org/apache/commons/commons-lang3/3.7/commons-lang3-3.7.jar:/home/dinggc/.m2/repository/joda-time/joda-time/2.9.9/joda-time-2.9.9.jar:/home/dinggc/.m2/repository/org/slf4j/jcl-over-slf4j/1.7.25/jcl-over-slf4j-1.7.25.jar:/home/dinggc/.m2/repository/org/activiti/activiti-spring/5.22.0/activiti-spring-5.22.0.jar:/home/dinggc/.m2/repository/org/springframework/spring-orm/5.0.9.RELEASE/spring-orm-5.0.9.RELEASE.jar:/home/dinggc/.m2/repository/commons-dbcp/commons-dbcp/1.4/commons-dbcp-1.4.jar:/home/dinggc/.m2/repository/commons-pool/commons-pool/1.6/commons-pool-1.6.jar:"/>
    <property name="sun.cpu.endian" value="little"/>
    <property name="user.home" value="/home/dinggc"/>
    <property name="user.language" value="zh"/>
    <property name="java.specification.vendor" value="Oracle Corporation"/>
    <property name="java.home" value="/opt/java8/jdk1.8.0_191/jre"/>
    <property name="basedir" value="/opt/springboot/website"/>
    <property name="file.separator" value="/"/>
    <property name="line.separator" value="&#10;"/>
    <property name="java.vm.specification.vendor" value="Oracle Corporation"/>
    <property name="java.specification.name" value="Java Platform API Specification"/>
    <property name="java.awt.graphicsenv" value="sun.awt.X11GraphicsEnvironment"/>
    <property name="surefire.real.class.path" value="/opt/springboot/website/target/surefire/surefirebooter1213336854078534619.jar"/>
    <property name="sun.boot.class.path" value="/opt/java8/jdk1.8.0_191/jre/lib/resources.jar:/opt/java8/jdk1.8.0_191/jre/lib/rt.jar:/opt/java8/jdk1.8.0_191/jre/lib/sunrsasign.jar:/opt/java8/jdk1.8.0_191/jre/lib/jsse.jar:/opt/java8/jdk1.8.0_191/jre/lib/jce.jar:/opt/java8/jdk1.8.0_191/jre/lib/charsets.jar:/opt/java8/jdk1.8.0_191/jre/lib/jfr.jar:/opt/java8/jdk1.8.0_191/jre/classes"/>
    <property name="sun.management.compiler" value="HotSpot 64-Bit Tiered Compilers"/>
    <property name="java.runtime.version" value="1.8.0_191-b12"/>
    <property name="user.name" value="dinggc"/>
    <property name="path.separator" value=":"/>
    <property name="os.version" value="4.15.0-36-generic"/>
    <property name="java.endorsed.dirs" value="/opt/java8/jdk1.8.0_191/jre/lib/endorsed"/>
    <property name="java.runtime.name" value="Java(TM) SE Runtime Environment"/>
    <property name="file.encoding" value="UTF-8"/>
    <property name="java.vm.name" value="Java HotSpot(TM) 64-Bit Server VM"/>
    <property name="localRepository" value="/home/dinggc/.m2/repository"/>
    <property name="java.vendor.url.bug" value="http://bugreport.sun.com/bugreport/"/>
    <property name="java.io.tmpdir" value="/tmp"/>
    <property name="idea.version" value="2018.2.5"/>
    <property name="java.version" value="1.8.0_191"/>
    <property name="user.dir" value="/opt/springboot/website"/>
    <property name="os.arch" value="amd64"/>
    <property name="java.vm.specification.name" value="Java Virtual Machine Specification"/>
    <property name="java.awt.printerjob" value="sun.print.PSPrinterJob"/>
    <property name="sun.os.patch.level" value="unknown"/>
    <property name="java.library.path" value="/usr/java/packages/lib/amd64:/usr/lib64:/lib64:/lib:/usr/lib"/>
    <property name="java.vm.info" value="mixed mode"/>
    <property name="java.vendor" value="Oracle Corporation"/>
    <property name="java.vm.version" value="25.191-b12"/>
    <property name="java.ext.dirs" value="/opt/java8/jdk1.8.0_191/jre/lib/ext:/usr/java/packages/lib/ext"/>
    <property name="sun.io.unicode.encoding" value="UnicodeLittle"/>
    <property name="java.class.version" value="52.0"/>
  </properties>
  <testcase name="contextLoads" classname="cn.dingdm.website.WebsiteApplicationTests" time="0.211"/>
</testsuite>